[2021-08-09][16:06:55][hyvrex][INFO] This is hyvrex v0.4.0
[2021-08-09][16:06:55][hyvrex][INFO] Written by Anicet Ebou
[2021-08-09][16:06:55][hyvrex][INFO] Available at https://github.com/Ebedthan/hyvrex.git
[2021-08-09][16:06:55][hyvrex][INFO] Localtime is 16:06:55
[2021-08-09][16:06:55][hyvrex][INFO] You are sinfo
[2021-08-09][16:06:55][hyvrex][INFO] Operating system is Linux
[2021-08-09][16:06:55][hyvrex::utils][INFO] Sequence type is DNA
[2021-08-09][16:06:55][hyvrex::utils][WARN] Sequence length is less than 1400 bp. We may not be able to find some regions
[2021-08-09][16:26:26][hyvrex][INFO] This is hyvrex v0.4.0
[2021-08-09][16:26:26][hyvrex][INFO] Written by Anicet Ebou
[2021-08-09][16:26:26][hyvrex][INFO] Available at https://github.com/Ebedthan/hyvrex.git
[2021-08-09][16:26:26][hyvrex][INFO] Localtime is 16:26:26
[2021-08-09][16:26:26][hyvrex][INFO] You are sinfo
[2021-08-09][16:26:26][hyvrex][INFO] Operating system is Linux
[2021-08-09][16:26:26][hyvrex::utils][INFO] Sequence type is DNA
[2021-08-09][16:26:26][hyvrex::utils][WARN] Sequence length is less than 1400 bp. We may not be able to find some regions
[2021-08-09][16:26:26][hyvrex::utils][WARN] Region v1v2 not found because primers AGAGTTTGATCMTGGCTCAG, CYIACTGCTGCCTCCCGTAG was not found in the sequence
[2021-08-09][16:26:26][hyvrex::utils][WARN] Region v1v3 not found because primer AGAGTTTGATCMTGGCTCAG was not found in the sequence
[2021-08-09][16:26:26][hyvrex::utils][WARN] Region v1v9 not found because primers AGAGTTTGATCMTGGCTCAG, TACGGYTACCTTGTTAYGACTT was not found in the sequence
[2021-08-09][16:26:26][hyvrex::utils][WARN] Region v6v9 not found because primer TACGGYTACCTTGTTAYGACTT was not found in the sequence
[2021-08-09][16:26:26][hyvrex::utils][WARN] Region v7v9 not found because primer TACGGYTACCTTGTTAYGACTT was not found in the sequence
[2021-08-09][16:26:26][hyvrex][INFO] Walltime: 0h:0m:0s.10ms
[2021-08-09][16:26:26][hyvrex][INFO] Done getting hypervariable regions
[2021-08-09][16:26:26][hyvrex][INFO] Enjoy. Share. Come back again!
[2021-08-09][16:38:43][hyvrex][INFO] This is hyvrex v0.4.0
[2021-08-09][16:38:43][hyvrex][INFO] Written by Anicet Ebou
[2021-08-09][16:38:43][hyvrex][INFO] Available at https://github.com/Ebedthan/hyvrex.git
[2021-08-09][16:38:43][hyvrex][INFO] Localtime is 16:38:43
[2021-08-09][16:38:43][hyvrex][INFO] You are sinfo
[2021-08-09][16:38:43][hyvrex][INFO] Operating system is Linux
[2021-08-09][16:38:43][hyvrex][WARN] You have allowed 1 mismatch in the primer sequence
[2021-08-09][16:38:43][hyvrex::utils][INFO] Sequence type is DNA
[2021-08-09][16:38:43][hyvrex::utils][WARN] Sequence length is less than 1400 bp. We may not be able to find some regions
[2021-08-09][16:38:43][hyvrex::utils][WARN] Region v1v2 not found because primer AGAGTTTGATCMTGGCTCAG was not found in the sequence
[2021-08-09][16:38:43][hyvrex::utils][WARN] Region v1v3 not found because primer AGAGTTTGATCMTGGCTCAG was not found in the sequence
[2021-08-09][16:38:43][hyvrex::utils][WARN] Region v1v9 not found because primers AGAGTTTGATCMTGGCTCAG, TACGGYTACCTTGTTAYGACTT was not found in the sequence
[2021-08-09][16:38:43][hyvrex::utils][WARN] Region v6v9 not found because primer TACGGYTACCTTGTTAYGACTT was not found in the sequence
[2021-08-09][16:38:43][hyvrex::utils][WARN] Region v7v9 not found because primer TACGGYTACCTTGTTAYGACTT was not found in the sequence
[2021-08-09][16:38:43][hyvrex][INFO] Walltime: 0h:0m:0s.12ms
[2021-08-09][16:38:43][hyvrex][INFO] Done getting hypervariable regions
[2021-08-09][16:38:43][hyvrex][INFO] Enjoy. Share. Come back again!
